<?xml version="1.0" encoding="UTF-8"?>
<!-- Generated by org.testng.reporters.JUnitXMLReporter -->
<testsuite ignored="0" hostname="Dulsi-Alwin-Laptop" failures="0" tests="2" name="Default test" time="32.246" errors="0" timestamp="2022-12-05T11:14:31 EST">
  <testcase classname="testNGImplementation.DataProviderCreateOrgTest" name="createOrganizationTest" time="10.698"/>
  <testcase classname="testNGImplementation.DataProviderCreateOrgTest" name="createOrganizationTest" time="9.357"/>
</testsuite> <!-- Default test -->
