<?xml version="1.0" encoding="UTF-8"?>
<testng-results ignored="0" total="2" passed="2" failed="0" skipped="0">
  <reporter-output>
  </reporter-output>
  <suite started-at="2022-12-05T11:13:59 EST" name="Default suite" finished-at="2022-12-05T11:14:31 EST" duration-ms="32246">
    <groups>
    </groups>
    <test started-at="2022-12-05T11:13:59 EST" name="Default test" finished-at="2022-12-05T11:14:31 EST" duration-ms="32246">
      <class name="testNGImplementation.DataProviderCreateOrgTest">
        <test-method is-config="true" signature="testSetup()[pri:0, instance:testNGImplementation.DataProviderCreateOrgTest@54e1c68b]" started-at="2022-12-05T11:13:59 EST" name="testSetup" finished-at="2022-12-05T11:14:00 EST" duration-ms="996" status="PASS">
          <reporter-output>
          </reporter-output>
        </test-method> <!-- testSetup -->
        <test-method is-config="true" signature="classSetUp()[pri:0, instance:testNGImplementation.DataProviderCreateOrgTest@54e1c68b]" started-at="2022-12-05T11:14:00 EST" name="classSetUp" finished-at="2022-12-05T11:14:04 EST" duration-ms="4082" status="PASS">
          <reporter-output>
          </reporter-output>
        </test-method> <!-- classSetUp -->
        <test-method is-config="true" signature="methodSetUp()[pri:0, instance:testNGImplementation.DataProviderCreateOrgTest@54e1c68b]" started-at="2022-12-05T11:14:04 EST" name="methodSetUp" finished-at="2022-12-05T11:14:06 EST" duration-ms="2510" status="PASS">
          <reporter-output>
          </reporter-output>
        </test-method> <!-- methodSetUp -->
        <test-method signature="createOrganizationTest(java.lang.String,java.lang.String,java.lang.String)[pri:0, instance:testNGImplementation.DataProviderCreateOrgTest@54e1c68b]" started-at="2022-12-05T11:14:06 EST" name="createOrganizationTest" data-provider="dataForCreateOrg" finished-at="2022-12-05T11:14:17 EST" duration-ms="10698" status="PASS">
          <params>
            <param index="0">
              <value>
                <![CDATA[ACTS]]>
              </value>
            </param>
            <param index="1">
              <value>
                <![CDATA[Biotechnology]]>
              </value>
            </param>
            <param index="2">
              <value>
                <![CDATA[Support Group]]>
              </value>
            </param>
          </params>
          <reporter-output>
          </reporter-output>
        </test-method> <!-- createOrganizationTest -->
        <test-method is-config="true" signature="methodTearDown()[pri:0, instance:testNGImplementation.DataProviderCreateOrgTest@54e1c68b]" started-at="2022-12-05T11:14:17 EST" name="methodTearDown" finished-at="2022-12-05T11:14:18 EST" duration-ms="1198" status="PASS">
          <reporter-output>
          </reporter-output>
        </test-method> <!-- methodTearDown -->
        <test-method is-config="true" signature="methodSetUp()[pri:0, instance:testNGImplementation.DataProviderCreateOrgTest@54e1c68b]" started-at="2022-12-05T11:14:18 EST" name="methodSetUp" finished-at="2022-12-05T11:14:20 EST" duration-ms="1809" status="PASS">
          <reporter-output>
          </reporter-output>
        </test-method> <!-- methodSetUp -->
        <test-method signature="createOrganizationTest(java.lang.String,java.lang.String,java.lang.String)[pri:0, instance:testNGImplementation.DataProviderCreateOrgTest@54e1c68b]" started-at="2022-12-05T11:14:20 EST" name="createOrganizationTest" data-provider="dataForCreateOrg" finished-at="2022-12-05T11:14:29 EST" duration-ms="9357" status="PASS">
          <params>
            <param index="0">
              <value>
                <![CDATA[BTCS]]>
              </value>
            </param>
            <param index="1">
              <value>
                <![CDATA[Biotechnology]]>
              </value>
            </param>
            <param index="2">
              <value>
                <![CDATA[Team Selling]]>
              </value>
            </param>
          </params>
          <reporter-output>
          </reporter-output>
        </test-method> <!-- createOrganizationTest -->
        <test-method is-config="true" signature="methodTearDown()[pri:0, instance:testNGImplementation.DataProviderCreateOrgTest@54e1c68b]" started-at="2022-12-05T11:14:29 EST" name="methodTearDown" finished-at="2022-12-05T11:14:31 EST" duration-ms="1306" status="PASS">
          <reporter-output>
          </reporter-output>
        </test-method> <!-- methodTearDown -->
        <test-method is-config="true" signature="classTearDown()[pri:0, instance:testNGImplementation.DataProviderCreateOrgTest@54e1c68b]" started-at="2022-12-05T11:14:31 EST" name="classTearDown" finished-at="2022-12-05T11:14:31 EST" duration-ms="243" status="PASS">
          <reporter-output>
          </reporter-output>
        </test-method> <!-- classTearDown -->
        <test-method is-config="true" signature="testTearDown()[pri:0, instance:testNGImplementation.DataProviderCreateOrgTest@54e1c68b]" started-at="2022-12-05T11:14:31 EST" name="testTearDown" finished-at="2022-12-05T11:14:31 EST" duration-ms="0" status="PASS">
          <reporter-output>
          </reporter-output>
        </test-method> <!-- testTearDown -->
      </class> <!-- testNGImplementation.DataProviderCreateOrgTest -->
    </test> <!-- Default test -->
  </suite> <!-- Default suite -->
</testng-results>
